<?xml version="1.0" encoding="UTF-8"?>
<testng-results ignored="0" total="1" passed="1" failed="0" skipped="0">
  <reporter-output>
  </reporter-output>
  <suite started-at="2023-10-30T18:38:38 EET" name="Default suite" finished-at="2023-10-30T18:38:40 EET" duration-ms="2448">
    <groups>
    </groups>
    <test started-at="2023-10-30T18:38:38 EET" name="Default test" finished-at="2023-10-30T18:38:40 EET" duration-ms="2448">
      <class name="tests.PostRestApi">
        <test-method is-config="true" signature="setup()[pri:0, instance:tests.PostRestApi@55634720]" started-at="2023-10-30T18:38:38 EET" name="setup" finished-at="2023-10-30T18:38:38 EET" duration-ms="376" status="PASS">
          <reporter-output>
          </reporter-output>
        </test-method> <!-- setup -->
        <test-method signature="postRestApiTema()[pri:1, instance:tests.PostRestApi@55634720]" started-at="2023-10-30T18:38:38 EET" name="postRestApiTema" finished-at="2023-10-30T18:38:40 EET" duration-ms="2030" status="PASS">
          <reporter-output>
          </reporter-output>
        </test-method> <!-- postRestApiTema -->
      </class> <!-- tests.PostRestApi -->
    </test> <!-- Default test -->
  </suite> <!-- Default suite -->
</testng-results>
